<?xml version="1.0" encoding="UTF-8"?>
<testsuite name="HelloWorldTest" tests="1" skipped="0" failures="0" errors="0" timestamp="2018-08-23T02:58:56" hostname="Hacktop" time="0.012">
  <properties/>
  <testcase name="helloWorldTest" classname="HelloWorldTest" time="0.012"/>
  <system-out><![CDATA[]]></system-out>
  <system-err><![CDATA[]]></system-err>
</testsuite>
